2026-02-03 17:55:01,694 INFO link_start user_id=1562297545
2026-02-03 17:55:13,154 INFO code_sent user_id=1562297545 phone=+79***86
2026-02-03 17:55:23,800 WARNING code_verify_failed user_id=1562297545 phone=+79***86 error=The confirmation code has expired (caused by SignInRequest)
2026-02-03 17:59:13,006 INFO link_start user_id=1562297545
2026-02-03 17:59:39,679 INFO link_start user_id=1562297545
2026-02-03 17:59:53,052 INFO code_sent user_id=1562297545 phone=+79***86
2026-02-03 18:00:02,858 WARNING code_verify_failed user_id=1562297545 phone=+79***86 error=The confirmation code has expired (caused by SignInRequest)
2026-02-03 18:07:36,715 INFO link_start user_id=1562297545
2026-02-03 18:07:46,738 INFO code_sent user_id=1562297545 phone=+79***86
2026-02-03 18:07:57,427 WARNING code_invalid user_id=1562297545 phone=+79***86 error=The confirmation code has expired (caused by SignInRequest)
2026-02-03 18:08:12,060 WARNING code_invalid user_id=1562297545 phone=+79***86 error=The confirmation code has expired (caused by SignInRequest)
2026-02-03 18:13:57,185 INFO link_start user_id=1562297545
2026-02-03 18:14:08,261 INFO code_sent user_id=1562297545 phone=+79***86
2026-02-03 18:14:28,314 WARNING code_invalid user_id=1562297545 phone=+79***86 error=The confirmation code has expired (caused by SignInRequest)
2026-02-03 18:18:25,794 INFO link_start user_id=7767438870
2026-02-03 18:18:37,090 INFO link_start user_id=7767438870
2026-02-03 18:19:04,702 INFO code_sent user_id=7767438870 phone=+79***21
2026-02-03 18:19:16,408 WARNING code_invalid user_id=7767438870 phone=+79***21 error=The confirmation code has expired (caused by SignInRequest)
2026-02-03 18:19:59,628 WARNING code_invalid user_id=7767438870 phone=+79***21 error=The confirmation code has expired (caused by SignInRequest)
2026-02-03 18:20:11,757 WARNING code_invalid user_id=7767438870 phone=+79***21 error=The confirmation code has expired (caused by SignInRequest)
2026-02-03 18:25:07,761 INFO link_start user_id=7767438870
2026-02-03 18:25:18,967 INFO code_sent user_id=7767438870 phone=+79***21
2026-02-03 18:25:48,550 INFO link_success user_id=7767438870 phone=+79***21
2026-02-03 18:28:14,665 INFO link_start user_id=1562297545
2026-02-03 18:28:27,650 INFO code_sent user_id=1562297545 phone=+79***86
2026-02-03 18:28:53,850 INFO 2fa_required user_id=1562297545 phone=+79***86
2026-02-03 18:29:01,218 WARNING 2fa_failed user_id=1562297545 phone=+79***86 error=You also need to provide a phone_code_hash.
2026-02-03 18:30:17,514 INFO link_start user_id=1562297545
2026-02-03 18:30:28,622 INFO code_sent user_id=1562297545 phone=+79***86
2026-02-03 18:30:53,511 INFO 2fa_required user_id=1562297545 phone=+79***86
2026-02-03 18:30:59,330 INFO link_success user_id=1562297545 phone=+79***86 (2fa)
2026-02-03 18:31:26,927 INFO link_start user_id=7767438870
2026-02-03 18:31:38,501 INFO code_sent user_id=7767438870 phone=+79***21
2026-02-03 18:32:01,718 INFO link_success user_id=7767438870 phone=+79***21
2026-02-03 18:36:37,005 INFO link_start user_id=320512340
2026-02-03 18:36:47,744 INFO code_sent user_id=320512340 phone=+79***59
2026-02-03 18:37:07,674 WARNING code_invalid user_id=320512340 phone=+79***59 error=The confirmation code has expired (caused by SignInRequest)
2026-02-03 18:37:33,904 WARNING code_invalid user_id=320512340 phone=+79***59 error=The confirmation code has expired (caused by SignInRequest)
2026-02-03 18:41:37,824 INFO link_start user_id=320512340
2026-02-03 18:41:49,436 INFO code_sent user_id=320512340 phone=+79***59
2026-02-03 18:42:14,460 INFO link_success user_id=320512340 phone=+79***59
2026-02-03 18:48:12,756 INFO link_start user_id=7622313319
2026-02-03 18:48:29,631 INFO code_sent user_id=7622313319 phone=+79***69
2026-02-03 18:49:31,915 INFO link_success user_id=7622313319 phone=+79***69
2026-02-03 19:21:58,578 INFO link_start user_id=7547865680
2026-02-03 19:22:31,241 INFO code_sent user_id=7547865680 phone=+79***48
2026-02-03 19:22:59,659 INFO link_success user_id=7547865680 phone=+79***48
2026-02-03 19:49:46,275 INFO link_start user_id=1562297545
2026-02-03 19:55:05,256 INFO link_start user_id=1562297545
2026-02-03 19:55:16,115 INFO code_sent user_id=1562297545 phone=+79***86
2026-02-03 19:55:39,970 INFO 2fa_required user_id=1562297545 phone=+79***86
2026-02-03 19:55:46,627 INFO link_success user_id=1562297545 phone=+79***86 (2fa)
2026-02-03 20:56:00,052 INFO link_start user_id=7622313319
2026-02-03 20:56:16,850 INFO code_sent user_id=7622313319 phone=+79***69
2026-02-03 20:57:37,120 INFO link_success user_id=7622313319 phone=+79***69
2026-02-20 18:26:53,443 INFO link_start user_id=1562297545
2026-02-20 18:27:01,752 INFO code_sent user_id=1562297545 phone=+79***86
2026-02-20 18:49:32,173 INFO link_start user_id=1562297545
2026-02-20 18:49:37,472 INFO code_sent user_id=1562297545 phone=+79***86
2026-02-20 18:50:52,552 INFO link_start user_id=1562297545
2026-02-20 18:51:00,301 WARNING code_send_failed user_id=1562297545 phone=+79***86 error=name 'TG_FORCE_SMS' is not defined
2026-02-20 18:51:33,894 INFO link_start user_id=1562297545
2026-02-20 18:51:57,093 INFO code_sent_detail user_id=1562297545 phone=+79***86 type=SentCodeTypeApp next_type=unknown timeout=None force_sms=True hash=347578e1aafd495044
2026-02-20 18:51:57,093 INFO code_sent user_id=1562297545 phone=+79***86
2026-02-20 18:55:04,912 INFO link_start user_id=1562297545
2026-02-20 18:55:50,450 INFO link_start user_id=1562297545
2026-02-20 18:55:54,440 INFO link_start user_id=1562297545
2026-02-20 18:56:27,513 INFO link_start user_id=1562297545
2026-02-20 18:56:34,119 INFO code_sent_detail user_id=1562297545 phone=+79***86 type=SentCodeTypeApp next_type=unknown timeout=None force_sms=True hash=1680de439900030818
2026-02-20 18:56:34,119 INFO code_sent user_id=1562297545 phone=+79***86
2026-02-20 19:59:41,480 INFO link_start user_id=320512340
2026-02-20 20:00:02,192 INFO code_sent_detail user_id=320512340 phone=+79***59 type=SentCodeTypeApp next_type=unknown timeout=None force_sms=True hash=d209974d2e2d15c620
2026-02-20 20:00:02,192 INFO code_sent user_id=320512340 phone=+79***59
2026-02-22 15:36:14,617 INFO link_start user_id=1562297545
2026-02-22 15:36:27,223 INFO code_sent_detail user_id=1562297545 phone=+79***86 type=SentCodeTypeApp next_type=unknown timeout=None force_sms=False hash=90aa7be8446b4fa829
2026-02-22 15:36:27,223 INFO code_sent user_id=1562297545 phone=+79***86
2026-02-22 15:41:37,404 INFO link_start user_id=1562297545
2026-02-22 15:41:48,664 INFO phone_input user_id=1562297545
2026-02-22 15:41:48,664 INFO phone_normalized user_id=1562297545 phone=+79***86
2026-02-22 15:41:48,671 INFO code_send_start user_id=1562297545 phone=+79***86 session_path=storage\sessions\1562297545.session
2026-02-22 15:41:50,886 WARNING code_send_failed user_id=1562297545 phone=+79***86 error=name 'TG_FORCE_SMS' is not defined
2026-02-22 15:42:47,127 INFO link_start user_id=1562297545
2026-02-22 15:42:53,878 INFO phone_input user_id=1562297545
2026-02-22 15:42:53,878 INFO phone_normalized user_id=1562297545 phone=+79***86
2026-02-22 15:42:53,878 INFO code_send_start user_id=1562297545 phone=+79***86 session_path=storage\sessions\1562297545.session
2026-02-22 15:42:56,516 INFO code_send_request user_id=1562297545 phone=+79***86 force_sms=False
2026-02-22 15:42:56,753 INFO code_send_response user_id=1562297545 phone=+79***86 type=SentCodeTypeApp next_type=unknown timeout=None hash=a4c95f05ee3a4043d1
2026-02-22 15:42:56,754 INFO code_sent user_id=1562297545 phone=+79***86
2026-02-22 15:44:49,772 INFO link_start user_id=1562297545
2026-02-22 15:44:53,202 INFO phone_input user_id=1562297545
2026-02-22 15:44:53,202 WARNING phone_invalid user_id=1562297545
2026-02-22 15:45:18,929 INFO link_start user_id=1562297545
2026-02-22 15:45:21,368 INFO phone_input user_id=1562297545
2026-02-22 15:45:21,368 INFO phone_normalized user_id=1562297545 phone=+79***86
2026-02-22 15:45:21,369 INFO code_send_start user_id=1562297545 phone=+79***86 session_path=storage\sessions\1562297545.session
2026-02-22 15:45:23,519 INFO code_send_request user_id=1562297545 phone=+79***86 force_sms=True
2026-02-22 15:45:23,699 INFO code_send_response user_id=1562297545 phone=+79***86 type=SentCodeTypeApp next_type=unknown timeout=None hash=715645b855f3afe244
2026-02-22 15:45:23,699 INFO code_sent user_id=1562297545 phone=+79***86
2026-02-22 15:45:39,022 WARNING code_invalid user_id=1562297545 phone=+79***86 error=The confirmation code has expired (caused by SignInRequest)
2026-02-22 15:45:39,023 INFO code_send_start user_id=1562297545 phone=+79***86 session_path=storage\sessions\1562297545.session
2026-02-22 15:45:39,844 INFO code_send_request user_id=1562297545 phone=+79***86 force_sms=True
2026-02-22 15:45:40,055 INFO code_send_response user_id=1562297545 phone=+79***86 type=SentCodeTypeApp next_type=unknown timeout=None hash=d79d49b05b89b67a9e
2026-02-22 15:46:38,090 INFO link_start user_id=1562297545
2026-02-22 15:46:39,521 INFO phone_input user_id=1562297545
2026-02-22 15:46:39,522 INFO phone_normalized user_id=1562297545 phone=+79***86
2026-02-22 15:46:39,524 INFO code_send_start user_id=1562297545 phone=+79***86 session_path=storage\sessions\1562297545.session
2026-02-22 15:46:41,822 INFO code_send_request user_id=1562297545 phone=+79***86 force_sms=False
2026-02-22 15:46:42,007 INFO code_send_response user_id=1562297545 phone=+79***86 type=SentCodeTypeApp next_type=unknown timeout=None hash=f9d123eb6495f56e58
2026-02-22 15:46:42,007 INFO code_sent user_id=1562297545 phone=+79***86
2026-02-22 15:46:50,414 INFO 2fa_required user_id=1562297545 phone=+79***86
2026-02-22 15:46:56,102 INFO link_success user_id=1562297545 phone=+79***86 (2fa)
2026-02-22 16:06:08,015 INFO link_start user_id=1562297545
2026-02-22 16:06:10,396 INFO phone_input user_id=1562297545
2026-02-22 16:06:10,396 INFO phone_normalized user_id=1562297545 phone=+79***86
2026-02-22 16:06:10,396 INFO code_send_start user_id=1562297545 phone=+79***86 session_path=storage\sessions\1562297545.session
2026-02-22 16:06:13,288 INFO code_send_request user_id=1562297545 phone=+79***86 force_sms=False
2026-02-22 16:06:13,517 INFO code_send_response user_id=1562297545 phone=+79***86 type=SentCodeTypeApp next_type=unknown timeout=None hash=4dccb462f62bc54bb5
2026-02-22 16:06:13,517 INFO code_sent user_id=1562297545 phone=+79***86
2026-02-22 16:06:20,126 WARNING code_invalid user_id=1562297545 phone=+79***86 error=The phone code entered was invalid (caused by SignInRequest)
2026-02-22 16:06:20,127 INFO session_deleted user_id=1562297545 reason=code_invalid path=storage\sessions\1562297545.session
2026-02-22 16:06:20,127 INFO code_send_start user_id=1562297545 phone=+79***86 session_path=storage\sessions\1562297545.session
2026-02-22 16:06:22,341 INFO code_send_request user_id=1562297545 phone=+79***86 force_sms=False
2026-02-22 16:06:22,803 INFO code_send_response user_id=1562297545 phone=+79***86 type=SentCodeTypeApp next_type=unknown timeout=None hash=537a4bfed1af4c5be2
2026-02-22 16:06:30,983 WARNING session_delete_failed user_id=1562297545 reason=code_too_short path=storage\sessions\1562297545.session error=[WinError 32] Процесс не может получить доступ к файлу, так как этот файл занят другим процессом: 'storage\\sessions\\1562297545.session'
2026-02-22 16:07:15,956 INFO session_deleted user_id=1562297545 reason=session_not_authorized path=storage\sessions\1562297545.session
2026-02-22 16:07:15,956 INFO link_start user_id=1562297545
2026-02-22 16:07:18,259 INFO phone_input user_id=1562297545
2026-02-22 16:07:18,259 INFO phone_normalized user_id=1562297545 phone=+18***18
2026-02-22 16:07:18,259 INFO code_send_start user_id=1562297545 phone=+18***18 session_path=storage\sessions\1562297545.session
2026-02-22 16:07:20,600 INFO code_send_request user_id=1562297545 phone=+18***18 force_sms=False
2026-02-22 16:07:21,229 WARNING code_send_failed user_id=1562297545 phone=+18***18 error=The phone number is invalid (caused by SendCodeRequest)
2026-02-22 16:07:21,392 WARNING session_delete_failed user_id=1562297545 reason=code_send_failed path=storage\sessions\1562297545.session error=[WinError 32] Процесс не может получить доступ к файлу, так как этот файл занят другим процессом: 'storage\\sessions\\1562297545.session'
2026-02-22 16:07:26,337 INFO session_deleted user_id=1562297545 reason=session_not_authorized path=storage\sessions\1562297545.session
2026-02-22 16:07:27,566 INFO link_start user_id=1562297545
2026-02-22 16:07:29,472 INFO phone_input user_id=1562297545
2026-02-22 16:07:29,472 INFO phone_normalized user_id=1562297545 phone=+79***86
2026-02-22 16:07:29,473 INFO code_send_start user_id=1562297545 phone=+79***86 session_path=storage\sessions\1562297545.session
2026-02-22 16:07:31,654 INFO code_send_request user_id=1562297545 phone=+79***86 force_sms=False
2026-02-22 16:07:31,824 INFO code_send_response user_id=1562297545 phone=+79***86 type=SentCodeTypeApp next_type=unknown timeout=None hash=8459ecd162439347db
2026-02-22 16:07:31,824 INFO code_sent user_id=1562297545 phone=+79***86
2026-02-22 16:07:40,516 WARNING code_invalid user_id=1562297545 phone=+79***86 error=The confirmation code has expired (caused by SignInRequest)
2026-02-22 16:07:40,516 INFO session_deleted user_id=1562297545 reason=code_invalid path=storage\sessions\1562297545.session
2026-02-22 16:07:40,516 INFO code_send_start user_id=1562297545 phone=+79***86 session_path=storage\sessions\1562297545.session
2026-02-22 16:07:42,575 INFO code_send_request user_id=1562297545 phone=+79***86 force_sms=False
2026-02-22 16:07:42,779 INFO code_send_response user_id=1562297545 phone=+79***86 type=SentCodeTypeApp next_type=unknown timeout=None hash=1400168c51a18deaf0
2026-02-22 16:07:54,726 INFO 2fa_required user_id=1562297545 phone=+79***86
2026-02-22 16:08:01,165 WARNING 2fa_invalid user_id=1562297545 phone=+79***86
2026-02-22 16:08:09,424 WARNING 2fa_failed user_id=1562297545 phone=+79***86 error=Сессия для 2FA не найдена. Начните привязку заново.
2026-02-22 16:08:09,545 INFO session_deleted user_id=1562297545 reason=2fa_failed path=storage\sessions\1562297545.session
